<?xml version="1.0" encoding="UTF-8"?>
<!-- Generated by org.testng.reporters.JUnitXMLReporter -->
<testsuite ignored="0" hostname="jemsnroy" failures="0" tests="12" name="Test" time="115.881" errors="0" timestamp="14 Dec. 2022 18:48:18 GMT">
  <testcase classname="com.qa.fb.Tests.RegisterTest" name="vldCNATest" time="1.576"/>
  <testcase classname="com.qa.fb.Tests.RegisterTest" name="vldCNATest" time="1.8"/>
  <testcase classname="com.qa.fb.Tests.LoginTest" name="vldLinkTest" time="0.006"/>
  <testcase classname="com.qa.fb.Tests.HomeTest" name="vldUsrNameTest" time="0.102"/>
  <testcase classname="com.qa.fb.Tests.MarketplaceTest" name="vldCLKTest" time="1.378"/>
  <testcase classname="com.qa.fb.Tests.LoginTest" name="vldTitleTest" time="0.007"/>
  <testcase classname="com.qa.fb.Tests.HomeTest" name="vldSSTest" time="0.151"/>
  <testcase classname="com.qa.fb.Tests.MarketplaceTest" name="vldLgoTest" time="2.344"/>
  <testcase classname="com.qa.fb.Tests.LoginTest" name="vldElementTest" time="0.042"/>
  <testcase classname="com.qa.fb.Tests.HomeTest" name="vldMktTest" time="0.269"/>
  <testcase classname="com.qa.fb.Tests.LoginTest" name="vldSSTest" time="0.065"/>
  <testcase classname="com.qa.fb.Tests.LoginTest" name="vldLgnTest" time="9.397"/>
</testsuite> <!-- Test -->
