<?xml version="1.0" encoding="UTF-8"?>
<testng-results ignored="0" total="12" passed="12" failed="0" skipped="0">
  <reporter-output>
  </reporter-output>
  <suite started-at="2022-12-14T18:46:23Z" name="testng.xml" finished-at="2022-12-14T18:48:18Z" duration-ms="115881">
    <groups>
    </groups>
    <test started-at="2022-12-14T18:46:23Z" name="Test" finished-at="2022-12-14T18:48:18Z" duration-ms="115881">
      <class name="com.qa.fb.Tests.HomeTest">
        <test-method is-config="true" signature="setUp()[pri:0, instance:com.qa.fb.Tests.HomeTest@53fb3dab]" started-at="2022-12-14T13:46:38Z" name="setUp" finished-at="2022-12-14T13:46:50Z" duration-ms="11665" status="PASS">
          <reporter-output>
          </reporter-output>
        </test-method> <!-- setUp -->
        <test-method signature="vldUsrNameTest()[pri:1, instance:com.qa.fb.Tests.HomeTest@53fb3dab]" started-at="2022-12-14T13:46:50Z" name="vldUsrNameTest" finished-at="2022-12-14T13:46:50Z" duration-ms="102" status="PASS">
          <reporter-output>
          </reporter-output>
        </test-method> <!-- vldUsrNameTest -->
        <test-method is-config="true" signature="tearDown()[pri:0, instance:com.qa.fb.Tests.HomeTest@53fb3dab]" started-at="2022-12-14T13:46:50Z" name="tearDown" finished-at="2022-12-14T13:46:50Z" duration-ms="616" status="PASS">
          <reporter-output>
          </reporter-output>
        </test-method> <!-- tearDown -->
        <test-method is-config="true" signature="setUp()[pri:0, instance:com.qa.fb.Tests.HomeTest@53fb3dab]" started-at="2022-12-14T13:47:10Z" name="setUp" finished-at="2022-12-14T13:47:20Z" duration-ms="10589" status="PASS">
          <reporter-output>
          </reporter-output>
        </test-method> <!-- setUp -->
        <test-method signature="vldSSTest()[pri:2, instance:com.qa.fb.Tests.HomeTest@53fb3dab]" started-at="2022-12-14T13:47:20Z" name="vldSSTest" finished-at="2022-12-14T13:47:20Z" duration-ms="151" status="PASS">
          <reporter-output>
          </reporter-output>
        </test-method> <!-- vldSSTest -->
        <test-method is-config="true" signature="tearDown()[pri:0, instance:com.qa.fb.Tests.HomeTest@53fb3dab]" started-at="2022-12-14T13:47:20Z" name="tearDown" finished-at="2022-12-14T13:47:21Z" duration-ms="596" status="PASS">
          <reporter-output>
          </reporter-output>
        </test-method> <!-- tearDown -->
        <test-method is-config="true" signature="setUp()[pri:0, instance:com.qa.fb.Tests.HomeTest@53fb3dab]" started-at="2022-12-14T13:47:39Z" name="setUp" finished-at="2022-12-14T13:47:53Z" duration-ms="14066" status="PASS">
          <reporter-output>
          </reporter-output>
        </test-method> <!-- setUp -->
        <test-method signature="vldMktTest()[pri:3, instance:com.qa.fb.Tests.HomeTest@53fb3dab]" started-at="2022-12-14T13:47:53Z" name="vldMktTest" finished-at="2022-12-14T13:47:54Z" duration-ms="269" status="PASS">
          <reporter-output>
          </reporter-output>
        </test-method> <!-- vldMktTest -->
        <test-method is-config="true" signature="tearDown()[pri:0, instance:com.qa.fb.Tests.HomeTest@53fb3dab]" started-at="2022-12-14T13:47:54Z" name="tearDown" finished-at="2022-12-14T13:47:58Z" duration-ms="3826" status="PASS">
          <reporter-output>
          </reporter-output>
        </test-method> <!-- tearDown -->
      </class> <!-- com.qa.fb.Tests.HomeTest -->
      <class name="com.qa.fb.Tests.RegisterTest">
        <test-method is-config="true" signature="setUp()[pri:0, instance:com.qa.fb.Tests.RegisterTest@33065d67]" started-at="2022-12-14T13:46:23Z" name="setUp" finished-at="2022-12-14T13:46:26Z" duration-ms="3207" status="PASS">
          <reporter-output>
          </reporter-output>
        </test-method> <!-- setUp -->
        <test-method signature="vldCNATest(java.lang.String, java.lang.String, java.lang.String, java.lang.String)[pri:0, instance:com.qa.fb.Tests.RegisterTest@33065d67]" started-at="2022-12-14T13:46:26Z" name="vldCNATest" data-provider="getRegisterData" finished-at="2022-12-14T13:46:28Z" duration-ms="1576" status="PASS">
          <params>
            <param index="0">
              <value>
                <![CDATA[kadhakfh]]>
              </value>
            </param>
            <param index="1">
              <value>
                <![CDATA[asidnscsd]]>
              </value>
            </param>
            <param index="2">
              <value>
                <![CDATA[fasdkljf165@gmai.com]]>
              </value>
            </param>
            <param index="3">
              <value>
                <![CDATA[abcd@WJND213215]]>
              </value>
            </param>
          </params>
          <reporter-output>
          </reporter-output>
        </test-method> <!-- vldCNATest -->
        <test-method is-config="true" signature="tearDown()[pri:0, instance:com.qa.fb.Tests.RegisterTest@33065d67]" started-at="2022-12-14T13:46:28Z" name="tearDown" finished-at="2022-12-14T13:46:28Z" duration-ms="505" status="PASS">
          <reporter-output>
          </reporter-output>
        </test-method> <!-- tearDown -->
        <test-method is-config="true" signature="setUp()[pri:0, instance:com.qa.fb.Tests.RegisterTest@33065d67]" started-at="2022-12-14T13:46:28Z" name="setUp" finished-at="2022-12-14T13:46:32Z" duration-ms="3369" status="PASS">
          <reporter-output>
          </reporter-output>
        </test-method> <!-- setUp -->
        <test-method signature="vldCNATest(java.lang.String, java.lang.String, java.lang.String, java.lang.String)[pri:0, instance:com.qa.fb.Tests.RegisterTest@33065d67]" started-at="2022-12-14T13:46:32Z" name="vldCNATest" data-provider="getRegisterData" finished-at="2022-12-14T13:46:33Z" duration-ms="1800" status="PASS">
          <params>
            <param index="0">
              <value>
                <![CDATA[dslakfdjf]]>
              </value>
            </param>
            <param index="1">
              <value>
                <![CDATA[cschsdcjks]]>
              </value>
            </param>
            <param index="2">
              <value>
                <![CDATA[duhsadi159@gmail.com]]>
              </value>
            </param>
            <param index="3">
              <value>
                <![CDATA[abcd@WJND213215]]>
              </value>
            </param>
          </params>
          <reporter-output>
          </reporter-output>
        </test-method> <!-- vldCNATest -->
        <test-method is-config="true" signature="tearDown()[pri:0, instance:com.qa.fb.Tests.RegisterTest@33065d67]" started-at="2022-12-14T13:46:33Z" name="tearDown" finished-at="2022-12-14T13:46:34Z" duration-ms="525" status="PASS">
          <reporter-output>
          </reporter-output>
        </test-method> <!-- tearDown -->
      </class> <!-- com.qa.fb.Tests.RegisterTest -->
      <class name="com.qa.fb.Tests.MarketplaceTest">
        <test-method is-config="true" signature="setUp()[pri:0, instance:com.qa.fb.Tests.MarketplaceTest@cb0755b]" started-at="2022-12-14T13:46:50Z" name="setUp" finished-at="2022-12-14T13:47:04Z" duration-ms="13746" status="PASS">
          <reporter-output>
          </reporter-output>
        </test-method> <!-- setUp -->
        <test-method signature="vldCLKTest()[pri:1, instance:com.qa.fb.Tests.MarketplaceTest@cb0755b]" started-at="2022-12-14T13:47:04Z" name="vldCLKTest" finished-at="2022-12-14T13:47:05Z" duration-ms="1378" status="PASS">
          <reporter-output>
          </reporter-output>
        </test-method> <!-- vldCLKTest -->
        <test-method is-config="true" signature="tearDown()[pri:0, instance:com.qa.fb.Tests.MarketplaceTest@cb0755b]" started-at="2022-12-14T13:47:05Z" name="tearDown" finished-at="2022-12-14T13:47:06Z" duration-ms="630" status="PASS">
          <reporter-output>
          </reporter-output>
        </test-method> <!-- tearDown -->
        <test-method is-config="true" signature="setUp()[pri:0, instance:com.qa.fb.Tests.MarketplaceTest@cb0755b]" started-at="2022-12-14T13:47:21Z" name="setUp" finished-at="2022-12-14T13:47:33Z" duration-ms="11626" status="PASS">
          <reporter-output>
          </reporter-output>
        </test-method> <!-- setUp -->
        <test-method signature="vldLgoTest()[pri:2, instance:com.qa.fb.Tests.MarketplaceTest@cb0755b]" started-at="2022-12-14T13:47:33Z" name="vldLgoTest" finished-at="2022-12-14T13:47:35Z" duration-ms="2344" status="PASS">
          <reporter-output>
          </reporter-output>
        </test-method> <!-- vldLgoTest -->
        <test-method is-config="true" signature="tearDown()[pri:0, instance:com.qa.fb.Tests.MarketplaceTest@cb0755b]" started-at="2022-12-14T13:47:35Z" name="tearDown" finished-at="2022-12-14T13:47:36Z" duration-ms="604" status="PASS">
          <reporter-output>
          </reporter-output>
        </test-method> <!-- tearDown -->
      </class> <!-- com.qa.fb.Tests.MarketplaceTest -->
      <class name="com.qa.fb.Tests.LoginTest">
        <test-method is-config="true" signature="setUp()[pri:0, instance:com.qa.fb.Tests.LoginTest@4b013c76]" started-at="2022-12-14T13:46:34Z" name="setUp" finished-at="2022-12-14T13:46:37Z" duration-ms="3343" status="PASS">
          <reporter-output>
          </reporter-output>
        </test-method> <!-- setUp -->
        <test-method signature="vldLinkTest()[pri:1, instance:com.qa.fb.Tests.LoginTest@4b013c76]" started-at="2022-12-14T13:46:37Z" name="vldLinkTest" finished-at="2022-12-14T13:46:37Z" duration-ms="6" status="PASS">
          <reporter-output>
          </reporter-output>
        </test-method> <!-- vldLinkTest -->
        <test-method is-config="true" signature="tearDown()[pri:0, instance:com.qa.fb.Tests.LoginTest@4b013c76]" started-at="2022-12-14T13:46:37Z" name="tearDown" finished-at="2022-12-14T13:46:38Z" duration-ms="621" status="PASS">
          <reporter-output>
          </reporter-output>
        </test-method> <!-- tearDown -->
        <test-method is-config="true" signature="setUp()[pri:0, instance:com.qa.fb.Tests.LoginTest@4b013c76]" started-at="2022-12-14T13:47:06Z" name="setUp" finished-at="2022-12-14T13:47:09Z" duration-ms="3148" status="PASS">
          <reporter-output>
          </reporter-output>
        </test-method> <!-- setUp -->
        <test-method signature="vldTitleTest()[pri:2, instance:com.qa.fb.Tests.LoginTest@4b013c76]" started-at="2022-12-14T13:47:09Z" name="vldTitleTest" finished-at="2022-12-14T13:47:09Z" duration-ms="7" status="PASS">
          <reporter-output>
          </reporter-output>
        </test-method> <!-- vldTitleTest -->
        <test-method is-config="true" signature="tearDown()[pri:0, instance:com.qa.fb.Tests.LoginTest@4b013c76]" started-at="2022-12-14T13:47:09Z" name="tearDown" finished-at="2022-12-14T13:47:10Z" duration-ms="501" status="PASS">
          <reporter-output>
          </reporter-output>
        </test-method> <!-- tearDown -->
        <test-method is-config="true" signature="setUp()[pri:0, instance:com.qa.fb.Tests.LoginTest@4b013c76]" started-at="2022-12-14T13:47:36Z" name="setUp" finished-at="2022-12-14T13:47:39Z" duration-ms="3171" status="PASS">
          <reporter-output>
          </reporter-output>
        </test-method> <!-- setUp -->
        <test-method signature="vldElementTest()[pri:3, instance:com.qa.fb.Tests.LoginTest@4b013c76]" started-at="2022-12-14T13:47:39Z" name="vldElementTest" finished-at="2022-12-14T13:47:39Z" duration-ms="42" status="PASS">
          <reporter-output>
          </reporter-output>
        </test-method> <!-- vldElementTest -->
        <test-method is-config="true" signature="tearDown()[pri:0, instance:com.qa.fb.Tests.LoginTest@4b013c76]" started-at="2022-12-14T13:47:39Z" name="tearDown" finished-at="2022-12-14T13:47:39Z" duration-ms="612" status="PASS">
          <reporter-output>
          </reporter-output>
        </test-method> <!-- tearDown -->
        <test-method is-config="true" signature="setUp()[pri:0, instance:com.qa.fb.Tests.LoginTest@4b013c76]" started-at="2022-12-14T13:47:58Z" name="setUp" finished-at="2022-12-14T13:48:01Z" duration-ms="3220" status="PASS">
          <reporter-output>
          </reporter-output>
        </test-method> <!-- setUp -->
        <test-method signature="vldSSTest()[pri:4, instance:com.qa.fb.Tests.LoginTest@4b013c76]" started-at="2022-12-14T13:48:01Z" name="vldSSTest" finished-at="2022-12-14T13:48:01Z" duration-ms="65" status="PASS">
          <reporter-output>
          </reporter-output>
        </test-method> <!-- vldSSTest -->
        <test-method is-config="true" signature="tearDown()[pri:0, instance:com.qa.fb.Tests.LoginTest@4b013c76]" started-at="2022-12-14T13:48:01Z" name="tearDown" finished-at="2022-12-14T13:48:01Z" duration-ms="623" status="PASS">
          <reporter-output>
          </reporter-output>
        </test-method> <!-- tearDown -->
        <test-method is-config="true" signature="setUp()[pri:0, instance:com.qa.fb.Tests.LoginTest@4b013c76]" started-at="2022-12-14T13:48:01Z" name="setUp" finished-at="2022-12-14T13:48:05Z" duration-ms="3789" status="PASS">
          <reporter-output>
          </reporter-output>
        </test-method> <!-- setUp -->
        <test-method signature="vldLgnTest()[pri:5, instance:com.qa.fb.Tests.LoginTest@4b013c76]" started-at="2022-12-14T13:48:05Z" name="vldLgnTest" finished-at="2022-12-14T13:48:15Z" duration-ms="9397" status="PASS">
          <reporter-output>
          </reporter-output>
        </test-method> <!-- vldLgnTest -->
        <test-method is-config="true" signature="tearDown()[pri:0, instance:com.qa.fb.Tests.LoginTest@4b013c76]" started-at="2022-12-14T13:48:15Z" name="tearDown" finished-at="2022-12-14T13:48:18Z" duration-ms="3800" status="PASS">
          <reporter-output>
          </reporter-output>
        </test-method> <!-- tearDown -->
      </class> <!-- com.qa.fb.Tests.LoginTest -->
    </test> <!-- Test -->
  </suite> <!-- testng.xml -->
</testng-results>
