<?xml version="1.0" encoding="UTF-8"?>
<testng-results ignored="0" total="1" passed="1" failed="0" skipped="0">
  <reporter-output>
  </reporter-output>
  <suite started-at="2022-12-14T19:31:37Z" name="Default suite" finished-at="2022-12-14T19:31:52Z" duration-ms="15412">
    <groups>
    </groups>
    <test started-at="2022-12-14T19:31:37Z" name="Default test" finished-at="2022-12-14T19:31:52Z" duration-ms="15412">
      <class name="com.qa.fb.Tests.MarketplaceTest">
        <test-method is-config="true" signature="setUp()[pri:0, instance:com.qa.fb.Tests.MarketplaceTest@4f638935]" started-at="2022-12-14T14:31:37Z" name="setUp" finished-at="2022-12-14T14:31:49Z" duration-ms="12291" status="PASS">
          <reporter-output>
          </reporter-output>
        </test-method> <!-- setUp -->
        <test-method signature="vldCLKTest()[pri:1, instance:com.qa.fb.Tests.MarketplaceTest@4f638935]" started-at="2022-12-14T14:31:49Z" name="vldCLKTest" finished-at="2022-12-14T14:31:50Z" duration-ms="892" status="PASS">
          <reporter-output>
          </reporter-output>
        </test-method> <!-- vldCLKTest -->
        <test-method is-config="true" signature="tearDown()[pri:0, instance:com.qa.fb.Tests.MarketplaceTest@4f638935]" started-at="2022-12-14T14:31:50Z" name="tearDown" finished-at="2022-12-14T14:31:52Z" duration-ms="2217" status="PASS">
          <reporter-output>
          </reporter-output>
        </test-method> <!-- tearDown -->
      </class> <!-- com.qa.fb.Tests.MarketplaceTest -->
    </test> <!-- Default test -->
  </suite> <!-- Default suite -->
</testng-results>
